level.dat_old downloaded
Skipping pack.mcmeta
Skipping r.12.-16.mca
Skipping r.80.24.mca
Skipping r.-16.-3.mca
Skipping r.82.23.mca
Skipping r.84.20.mca
Skipping r.109.-28.mca
Skipping r.106.-33.mca
Skipping r.12.-15.mca
Skipping r.108.-33.mca
Skipping r.107.-33.mca
Skipping r.105.-32.mca
Skipping r.12.-20.mca
r.107.-31.mca downloaded
Skipping r.-15.-3.mca
Skipping r.0.2.mca
Skipping r.0.1.mca
Skipping r.2.1.mca
Skipping r.1.4.mca
Skipping r.112.-33.mca
Skipping r.84.21.mca
Skipping r.11.-21.mca
Skipping r.83.23.mca
Skipping r.2.0.mca
Skipping r.1.0.mca
Skipping r.106.-30.mca
Skipping r.13.-16.mca
Skipping r.81.23.mca
Skipping r.85.20.mca
Skipping r.12.-18.mca
Skipping r.111.-29.mca
Skipping r.111.-30.mca
Skipping r.0.3.mca
Skipping r.-1.1.mca
Skipping r.111.-31.mca
r.107.-30.mca downloaded
Skipping r.106.-31.mca
Skipping r.-2.-1.mca
Skipping r.1.-1.mca
Skipping r.11.-19.mca
Skipping r.12.-19.mca
r.0.-1.mca downloaded
Skipping r.105.-33.mca
r.0.0.mca downloaded
Skipping r.80.23.mca
Skipping r.111.-33.mca
Skipping r.82.20.mca
Skipping r.1.1.mca
Skipping r.12.-17.mca
Skipping r.108.-29.mca
Skipping r.111.-28.mca
Skipping r.110.-28.mca
Skipping r.0.-2.mca
Skipping r.110.-31.mca
Skipping r.13.-17.mca
Skipping r.82.22.mca
Skipping r.-15.-2.mca
Skipping r.107.-28.mca
Skipping r.107.-32.mca
r.109.-30.mca downloaded
r.109.-31.mca downloaded
Skipping r.106.-32.mca
Skipping r.110.-32.mca
Skipping r.110.-33.mca
Skipping r.81.22.mca
Skipping r.109.-32.mca
Skipping r.-2.0.mca
Skipping r.2.-2.mca
Skipping r.12.-21.mca
Skipping r.86.20.mca
Skipping r.11.-20.mca
Skipping r.83.22.mca
Skipping r.-1.2.mca
r.-1.0.mca downloaded
Skipping r.108.-28.mca
Skipping r.-15.-4.mca
Skipping r.109.-29.mca
Skipping r.83.21.mca
Skipping r.86.21.mca
Skipping r.2.-1.mca
r.-1.-1.mca downloaded
Skipping r.13.-15.mca
Skipping r.-16.-2.mca
Skipping r.84.22.mca
Skipping r.109.-33.mca
Skipping r.79.23.mca
Skipping r.111.-32.mca
Skipping r.1.3.mca
Skipping r.-1.-2.mca
Skipping r.82.21.mca
Skipping r.80.22.mca
r.108.-30.mca downloaded
Skipping r.110.-29.mca
Skipping r.81.21.mca
Skipping r.85.21.mca
Skipping r.1.-2.mca
Skipping r.2.2.mca
Skipping r.110.-30.mca
Skipping r.1.2.mca
Skipping r.105.-31.mca
Skipping r.78.23.mca
Skipping r.108.-32.mca
Skipping r.107.-29.mca
Skipping r.-2.1.mca
r.108.-31.mca downloaded
Skipping map_4.dat
Skipping map_1.dat
Skipping map_0.dat
Skipping map_2.dat
Skipping idcounts.dat
Skipping map_3.dat
map_7.dat downloaded
Skipping map_5.dat
raids.dat downloaded
Skipping map_6.dat
Failed to download file: ./workdir/backup_2023-03-17_22-15-01/lostcities/session.lock
Skipping cd292c57-4c16-4df2-907e-b28617814229.dat
Skipping 46e066ff-b104-4a49-9e0e-e09c10535d76.dat_old
Skipping 96ab057b-dfb5-4f2f-9c73-468b0715af73.dat
b275695f-92e9-41af-a3b7-a0d4822699f1.dat downloaded
Skipping 29809933-7eff-44c0-a61c-c29ca02d1c28.dat
Skipping 8d1402df-e56c-424e-be18-4726e5b6d1fb.dat
Skipping da822d51-41e9-4719-b256-9bb49d1e21de.dat
Skipping ac4bf239-f2d1-4096-8f12-d6ea6e24dee6.dat
Skipping 78225d9a-add1-4589-81b2-8b7aa0023b7f.dat_old
Skipping cd292c57-4c16-4df2-907e-b28617814229.dat_old
Skipping b46aadd8-0490-438b-9005-9d4d95f26885.dat
Skipping d38e92ee-af63-4981-bb46-f6b57dfc80d5.dat_old
Skipping b7c62f3c-1237-45d4-8db6-5a2c128c0096.dat
Skipping baaf118b-8f38-4a5d-b3db-abc816155ce6.dat
Skipping c63d5898-93d2-48a5-ba5f-0c8fc0a03876.dat_old
Skipping c63d5898-93d2-48a5-ba5f-0c8fc0a03876.dat
Skipping f57d357f-415f-4dce-9470-58e20872636a.dat
Skipping f57d357f-415f-4dce-9470-58e20872636a.dat_old
Skipping ac4bf239-f2d1-4096-8f12-d6ea6e24dee6.dat_old
Skipping 78225d9a-add1-4589-81b2-8b7aa0023b7f.dat
Skipping d38e92ee-af63-4981-bb46-f6b57dfc80d5.dat
Skipping 46e066ff-b104-4a49-9e0e-e09c10535d76.dat
b275695f-92e9-41af-a3b7-a0d4822699f1.dat_old downloaded
Skipping 20e24c38-d0f2-4dc4-862a-915d1a536499.dat
Skipping 96ab057b-dfb5-4f2f-9c73-468b0715af73.dat_old
Skipping 8d1402df-e56c-424e-be18-4726e5b6d1fb.dat_old
Skipping 139a5446-fb7d-4a5f-8462-2ec5e5442c0a.dat_old
Skipping 139a5446-fb7d-4a5f-8462-2ec5e5442c0a.dat
Skipping da822d51-41e9-4719-b256-9bb49d1e21de.dat_old
Failed to download file: ./workdir/backup_2023-03-17_22-15-01/lostcities/level.dat
Skipping r.12.-16.mca
Skipping r.4.4.mca
Skipping r.80.24.mca
Skipping r.-16.-3.mca
Skipping r.1.-5.mca
Skipping r.82.23.mca
Skipping r.84.20.mca
Skipping r.112.-30.mca
Skipping r.109.-28.mca
Skipping r.106.-33.mca
Skipping r.77.22.mca
Skipping r.105.-34.mca
Skipping r.81.24.mca
Skipping r.87.20.mca
Skipping r.2.3.mca
Skipping r.12.-15.mca
Skipping r.-2.-2.mca
Skipping r.85.19.mca
Skipping r.108.-33.mca
Skipping r.78.24.mca
Skipping r.107.-33.mca
Skipping r.105.-32.mca
Skipping r.4.-9.mca
Skipping r.12.-20.mca
Skipping r.112.-29.mca
r.107.-31.mca downloaded
Skipping r.-15.-3.mca
Skipping r.0.2.mca
Skipping r.0.1.mca
Skipping r.2.1.mca
Skipping r.87.21.mca
Skipping r.1.4.mca
Skipping r.112.-33.mca
Skipping r.84.21.mca
Skipping r.11.-21.mca
Skipping r.83.23.mca
Skipping r.2.0.mca
Skipping r.108.-34.mca
Skipping r.11.-18.mca
Skipping r.1.0.mca
Skipping r.86.19.mca
Skipping r.106.-30.mca
Skipping r.3.1.mca
Skipping r.84.19.mca
Skipping r.13.-16.mca
Skipping r.3.-17.mca
Skipping r.2.-3.mca
Skipping r.81.23.mca
Skipping r.85.20.mca
Skipping r.12.-18.mca
Skipping r.111.-29.mca
Skipping r.3.0.mca
Skipping r.111.-30.mca
Skipping r.0.3.mca
Skipping r.-1.1.mca
Skipping r.11.-17.mca
Skipping r.111.-31.mca
r.107.-30.mca downloaded
Skipping r.106.-31.mca
Skipping r.3.-1.mca
Skipping r.-2.-1.mca
Skipping r.1.-1.mca
Skipping r.80.21.mca
Skipping r.11.-19.mca
Skipping r.12.-19.mca
Skipping r.0.-1.mca
Skipping r.105.-33.mca
Skipping r.85.22.mca
Skipping r.0.0.mca
Skipping r.80.23.mca
Skipping r.111.-33.mca
Skipping r.82.20.mca
Skipping r.1.1.mca
Skipping r.83.24.mca
Skipping r.12.-17.mca
Skipping r.108.-29.mca
Skipping r.111.-28.mca
Skipping r.79.22.mca
Skipping r.110.-28.mca
Skipping r.0.-2.mca
Skipping r.110.-31.mca
Skipping r.13.-17.mca
Skipping r.82.22.mca
Skipping r.-15.-2.mca
Skipping r.107.-28.mca
Skipping r.107.-32.mca
Skipping r.84.23.mca
Skipping r.107.-34.mca
r.109.-30.mca downloaded
r.109.-31.mca downloaded
Skipping r.106.-32.mca
Skipping r.0.4.mca
Skipping r.110.-32.mca
Skipping r.110.-33.mca
Skipping r.79.24.mca
Skipping r.81.22.mca
Skipping r.109.-32.mca
Skipping r.-2.0.mca
Skipping r.2.-2.mca
Skipping r.12.-21.mca
Skipping r.86.20.mca
Skipping r.11.-20.mca
Skipping r.83.22.mca
Skipping r.-16.-4.mca
Skipping r.-14.-2.mca
Skipping r.2.4.mca
Skipping r.-1.2.mca
Skipping r.106.-28.mca
Skipping r.-1.3.mca
Skipping r.-1.0.mca
Skipping r.108.-28.mca
Skipping r.-15.-4.mca
Skipping r.83.20.mca
Skipping r.109.-29.mca
Skipping r.83.21.mca
Skipping r.105.-30.mca
Skipping r.106.-29.mca
Skipping r.77.24.mca
Skipping r.87.19.mca
Skipping r.86.21.mca
Skipping r.2.-1.mca
Skipping r.-1.-1.mca
Skipping r.13.-15.mca
Skipping r.1.-3.mca
Skipping r.-16.-2.mca
Skipping r.84.22.mca
Skipping r.112.-31.mca
Skipping r.106.-34.mca
Skipping r.109.-33.mca
Skipping r.79.23.mca
Skipping r.111.-32.mca
Skipping r.1.3.mca
Skipping r.-1.-2.mca
Skipping r.11.-10.mca
Skipping r.82.21.mca
Skipping r.81.20.mca
Skipping r.80.22.mca
r.108.-30.mca downloaded
Skipping r.78.22.mca
Skipping r.82.24.mca
Skipping r.110.-29.mca
Skipping r.81.21.mca
Skipping r.85.21.mca
Skipping r.77.23.mca
Skipping r.1.-2.mca
Skipping r.112.-32.mca
Skipping r.13.-18.mca
Skipping r.2.2.mca
Skipping r.110.-30.mca
Skipping r.1.2.mca
Skipping r.105.-31.mca
Skipping r.78.23.mca
Skipping r.108.-32.mca
Skipping r.107.-29.mca
Skipping r.4.-3.mca
Skipping r.-2.1.mca
r.108.-31.mca downloaded
Skipping r.-14.-3.mca
Skipping ac4bf239-f2d1-4096-8f12-d6ea6e24dee6.json
Skipping f57d357f-415f-4dce-9470-58e20872636a.json
Skipping 139a5446-fb7d-4a5f-8462-2ec5e5442c0a.json
Skipping c63d5898-93d2-48a5-ba5f-0c8fc0a03876.json
Skipping 96ab057b-dfb5-4f2f-9c73-468b0715af73.json
Skipping 46e066ff-b104-4a49-9e0e-e09c10535d76.json
b275695f-92e9-41af-a3b7-a0d4822699f1.json downloaded
Skipping 29809933-7eff-44c0-a61c-c29ca02d1c28.json
Skipping b46aadd8-0490-438b-9005-9d4d95f26885.json
Skipping 78225d9a-add1-4589-81b2-8b7aa0023b7f.json
Skipping 20e24c38-d0f2-4dc4-862a-915d1a536499.json
Skipping 8d1402df-e56c-424e-be18-4726e5b6d1fb.json
Skipping b7c62f3c-1237-45d4-8db6-5a2c128c0096.json
Skipping cd292c57-4c16-4df2-907e-b28617814229.json
Skipping d38e92ee-af63-4981-bb46-f6b57dfc80d5.json
Skipping baaf118b-8f38-4a5d-b3db-abc816155ce6.json
Skipping da822d51-41e9-4719-b256-9bb49d1e21de.json
Failed to download file: ./workdir/backup_2023-03-17_22-15-01/lostcities/uid.dat
Skipping ac4bf239-f2d1-4096-8f12-d6ea6e24dee6.json
Skipping f57d357f-415f-4dce-9470-58e20872636a.json
Skipping 139a5446-fb7d-4a5f-8462-2ec5e5442c0a.json
Skipping c63d5898-93d2-48a5-ba5f-0c8fc0a03876.json
Skipping 96ab057b-dfb5-4f2f-9c73-468b0715af73.json
Skipping 46e066ff-b104-4a49-9e0e-e09c10535d76.json
b275695f-92e9-41af-a3b7-a0d4822699f1.json downloaded
Skipping 29809933-7eff-44c0-a61c-c29ca02d1c28.json
Skipping b46aadd8-0490-438b-9005-9d4d95f26885.json
Skipping 78225d9a-add1-4589-81b2-8b7aa0023b7f.json
Skipping 20e24c38-d0f2-4dc4-862a-915d1a536499.json
Skipping 8d1402df-e56c-424e-be18-4726e5b6d1fb.json
Skipping b7c62f3c-1237-45d4-8db6-5a2c128c0096.json
Skipping cd292c57-4c16-4df2-907e-b28617814229.json
Skipping d38e92ee-af63-4981-bb46-f6b57dfc80d5.json
Skipping baaf118b-8f38-4a5d-b3db-abc816155ce6.json
Skipping da822d51-41e9-4719-b256-9bb49d1e21de.json
Skipping r.12.-16.mca
Skipping r.80.24.mca
Skipping r.-16.-3.mca
Skipping r.84.20.mca
Skipping r.106.-33.mca
Skipping r.107.-33.mca
Skipping r.105.-32.mca
Skipping r.12.-20.mca
Skipping r.107.-31.mca
Skipping r.-15.-3.mca
Skipping r.0.2.mca
Skipping r.0.1.mca
Skipping r.2.1.mca
Skipping r.84.21.mca
Skipping r.83.23.mca
Skipping r.2.0.mca
Skipping r.1.0.mca
Skipping r.106.-30.mca
Skipping r.13.-16.mca
Skipping r.85.20.mca
Skipping r.12.-18.mca
Skipping r.-1.1.mca
Skipping r.107.-30.mca
Skipping r.106.-31.mca
Skipping r.-2.-1.mca
Skipping r.1.-1.mca
Skipping r.12.-19.mca
Skipping r.0.-1.mca
Skipping r.105.-33.mca
Skipping r.0.0.mca
Skipping r.80.23.mca
Skipping r.1.1.mca
Skipping r.12.-17.mca
Skipping r.0.-2.mca
Skipping r.-15.-2.mca
Skipping r.107.-32.mca
Skipping r.106.-32.mca
Skipping r.109.-32.mca
Skipping r.-2.0.mca
Skipping r.2.-2.mca
Skipping r.-1.0.mca
Skipping r.-15.-4.mca
Skipping r.2.-1.mca
Skipping r.-1.-1.mca
Skipping r.111.-32.mca
Skipping r.1.3.mca
Skipping r.-1.-2.mca
Skipping r.82.21.mca
Skipping r.108.-30.mca
Skipping r.1.-2.mca
Skipping r.2.2.mca
Skipping r.1.2.mca
Skipping r.78.23.mca
Skipping r.107.-29.mca
Skipping r.-2.1.mca
r.108.-31.mca downloaded
Failed to download file: ./workdir/backup_2023-03-17_22-15-01/bukkit.yml
Failed to download file: ./workdir/backup_2023-03-17_22-15-01/server.properties
Skipping 2023-03-14-3.log.gz
latest.log downloaded
Skipping 2023-03-15-1.log.gz
Skipping 2023-03-14-2.log.gz
Skipping 2023-03-14-1.log.gz
Skipping 2023-03-16-1.log.gz
Failed to download file: ./workdir/backup_2023-03-17_22-15-01/permissions.yml
Failed to download file: ./workdir/backup_2023-03-17_22-15-01/eula.txt
Failed to download file: ./workdir/backup_2023-03-17_22-15-01/spigot-1.19.3.jar
Failed to download file: ./workdir/backup_2023-03-17_22-15-01/spigot.yml
Skipping spigot-1.19.2-R0.1-SNAPSHOT.jar
Skipping spigot-1.19.3-R0.1-SNAPSHOT.jar
Skipping spigot-1.19.4-R0.1-SNAPSHOT.jar
Skipping plexus-utils-3.3.0.jar
Skipping failureaccess-1.0.1.jar
Skipping netty-handler-4.1.77.Final.jar
Skipping jna-5.12.1.jar
Skipping log4j-slf4j2-impl-2.19.0.jar
Skipping maven-resolver-impl-1.6.3.jar
Skipping asm-9.4.jar
Skipping commons-codec-1.11.jar
Skipping netty-handler-4.1.82.Final.jar
Skipping netty-transport-4.1.82.Final.jar
Skipping mysql-connector-j-8.0.32.jar
Skipping maven-repository-metadata-3.8.5.jar
Skipping maven-model-3.8.5.jar
Skipping authlib-3.16.29.jar
Skipping netty-transport-native-unix-common-4.1.77.Final.jar
Skipping joml-1.10.5.jar
Skipping jna-platform-5.12.1.jar
Skipping netty-transport-native-unix-common-4.1.82.Final.jar
Skipping authlib-3.17.30.jar
Skipping gson-2.10.jar
Skipping j2objc-annotations-1.3.jar
Skipping netty-resolver-4.1.77.Final.jar
Skipping authlib-3.11.49.jar
Skipping netty-transport-classes-epoll-4.1.77.Final.jar
Skipping sqlite-jdbc-3.36.0.3.jar
Skipping netty-resolver-4.1.82.Final.jar
Skipping maven-model-builder-3.8.5.jar
Skipping maven-resolver-connector-basic-1.7.3.jar
Skipping plexus-interpolation-1.26.jar
Skipping javabridge-1.2.24.jar
Skipping checker-qual-3.12.0.jar
Skipping log4j-iostreams-2.17.0.jar
Skipping jline-2.12.1.jar
Skipping protobuf-java-3.21.9.jar
Skipping commons-lang-2.6.jar
Skipping json-simple-1.1.1.jar
Skipping netty-buffer-4.1.82.Final.jar
Skipping maven-resolver-api-1.6.3.jar
Skipping org.eclipse.sisu.inject-0.3.5.jar
Skipping bungeecord-chat-1.16-R0.4.jar
Skipping maven-resolver-spi-1.6.3.jar
Skipping maven-resolver-transport-http-1.7.3.jar
Skipping javabridge-2.0.25.jar
Skipping logging-1.1.1.jar
Skipping mysql-connector-java-8.0.29.jar
Skipping sqlite-jdbc-3.41.0.0.jar
Skipping jsr305-3.0.2.jar
Skipping logging-1.0.0.jar
Skipping spigot-api-1.19.4-R0.1-SNAPSHOT.jar
Skipping netty-codec-4.1.77.Final.jar
Skipping maven-resolver-provider-3.8.5.jar
Skipping spigot-api-1.19.3-R0.1-SNAPSHOT.jar
Skipping maven-builder-support-3.8.5.jar
Skipping slf4j-api-1.8.0-beta4.jar
Skipping listenablefuture-9999.0-empty-to-avoid-conflict-with-guava.jar
Skipping spigot-api-1.19.2-R0.1-SNAPSHOT.jar
Skipping snakeyaml-1.32.jar
Skipping error_prone_annotations-2.11.0.jar
Skipping log4j-api-2.17.0.jar
Skipping datafixerupper-6.0.6.jar
Skipping netty-transport-native-epoll-4.1.77.Final-linux-aarch_64.jar
Skipping httpclient-4.5.13.jar
Skipping javax.inject-1.jar
Skipping netty-codec-4.1.82.Final.jar
Skipping jna-platform-5.10.0.jar
Skipping oshi-core-6.2.2.jar
Skipping log4j-core-2.17.0.jar
Skipping netty-common-4.1.82.Final.jar
Skipping log4j-core-2.19.0.jar
Skipping netty-transport-native-epoll-4.1.82.Final-linux-aarch_64.jar
Skipping protobuf-java-3.19.4.jar
Skipping guava-31.0.1-jre.jar
Skipping httpcore-4.4.14.jar
Skipping netty-transport-native-epoll-4.1.77.Final-linux-x86_64.jar
Skipping gson-2.8.9.jar
Skipping asm-9.3.jar
Skipping netty-common-4.1.77.Final.jar
Skipping log4j-api-2.19.0.jar
Skipping guava-31.1-jre.jar
Skipping maven-resolver-util-1.6.3.jar
Skipping commons-lang3-3.12.0.jar
Skipping datafixerupper-5.0.28.jar
Skipping log4j-slf4j18-impl-2.17.0.jar
Skipping netty-transport-classes-epoll-4.1.82.Final.jar
Skipping commons-io-2.11.0.jar
Skipping snakeyaml-1.33.jar
Skipping log4j-iostreams-2.19.0.jar
Skipping jopt-simple-5.0.4.jar
Skipping error_prone_annotations-2.7.1.jar
Skipping brigadier-1.0.18.jar
Skipping jcl-over-slf4j-1.7.32.jar
Skipping oshi-core-5.8.5.jar
Skipping netty-transport-4.1.77.Final.jar
Skipping maven-artifact-3.8.5.jar
Skipping netty-transport-native-epoll-4.1.82.Final-linux-x86_64.jar
Skipping slf4j-api-2.0.1.jar
Skipping fastutil-8.5.6.jar
Skipping fastutil-8.5.9.jar
Skipping netty-buffer-4.1.77.Final.jar
Skipping jna-5.10.0.jar
Failed to download file: ./workdir/backup_2023-03-17_22-15-01/usercache.json
Skipping annotations-23.0.0.jar
Skipping _remote.repositories
Skipping annotations-23.0.0.jar.sha1
Skipping annotations-23.0.0.pom.sha1
Skipping annotations-23.0.0.pom
Skipping commons-text-1.9.jar.sha1
Skipping commons-text-1.9.pom.sha1
Skipping commons-text-1.9.jar
Skipping _remote.repositories
Skipping commons-text-1.9.pom
Skipping commons-lang3-3.11.jar.sha1
Skipping commons-lang3-3.11.pom.sha1
Skipping _remote.repositories
Skipping commons-lang3-3.11.pom
Skipping commons-lang3-3.11.jar
Skipping commons-parent-51.pom
Skipping commons-parent-51.pom.sha1
Skipping _remote.repositories
Skipping apache-23.pom.sha1
Skipping _remote.repositories
Skipping apache-23.pom
Skipping saved-chests.yml
Skipping config.yml
Skipping config.yml
Failed to download file: ./workdir/backup_2023-03-17_22-15-01/plugins/death-chest-1.5.17-all.jar
Skipping config.yml
level.dat_old downloaded
Skipping session.lock
level.dat downloaded
Skipping uid.dat
Skipping r.-1.-3.mca
Skipping r.1.-4.mca
Skipping r.0.-3.mca
r.0.-1.mca downloaded
r.0.0.mca downloaded
Skipping r.0.-4.mca
Skipping r.-1.0.mca
r.-1.-1.mca downloaded
raids_end.dat downloaded
Skipping r.-1.-3.mca
Skipping r.1.-4.mca
Skipping r.1.-5.mca
Skipping r.-2.-2.mca
Skipping r.12.-20.mca
Skipping r.0.-3.mca
Skipping r.0.-5.mca
Skipping r.-1.-5.mca
Skipping r.11.-21.mca
Skipping r.-2.-4.mca
Skipping r.1.0.mca
Skipping r.1.-1.mca
r.0.-1.mca downloaded
Skipping r.0.0.mca
Skipping r.0.-4.mca
Skipping r.0.-2.mca
Skipping r.-1.-4.mca
Skipping r.12.-21.mca
Skipping r.11.-20.mca
Skipping r.-1.0.mca
Skipping r.-2.-3.mca
Skipping r.-1.-1.mca
Skipping r.1.-3.mca
Skipping r.-1.-2.mca
Skipping r.1.-2.mca
Skipping r.1.-4.mca
Skipping r.0.-4.mca
Failed to download file: ./workdir/backup_2023-03-17_22-15-01/whitelist.json
level.dat_old downloaded
Skipping session.lock
Skipping r.9.-1.mca
Skipping r.-2.-2.mca
Skipping r.8.-1.mca
Skipping r.6.0.mca
Skipping r.7.0.mca
Skipping r.-3.-1.mca
Skipping r.7.-4.mca
Skipping r.10.2.mca
Skipping r.2.0.mca
Skipping r.3.-3.mca
Skipping r.1.0.mca
Skipping r.5.-2.mca
Skipping r.6.-1.mca
Skipping r.2.-3.mca
Skipping r.9.2.mca
Skipping r.7.-3.mca
Skipping r.3.0.mca
Skipping r.8.-5.mca
Skipping r.5.-3.mca
Skipping r.5.-1.mca
Skipping r.8.-3.mca
Skipping r.3.-1.mca
Skipping r.6.-4.mca
Skipping r.-2.-1.mca
Skipping r.1.-1.mca
r.0.-1.mca downloaded
r.0.0.mca downloaded
Skipping r.11.-5.mca
Skipping r.12.-4.mca
Skipping r.13.-5.mca
Skipping r.9.0.mca
Skipping r.0.-2.mca
Skipping r.8.-2.mca
Skipping r.4.-1.mca
Skipping r.5.0.mca
Skipping r.8.0.mca
r.13.-4.mca downloaded
Skipping r.-2.0.mca
Skipping r.2.-2.mca
Skipping r.6.-3.mca
Skipping r.12.-5.mca
Skipping r.7.-1.mca
r.-1.0.mca downloaded
Skipping r.8.1.mca
Skipping r.11.-3.mca
Skipping r.8.2.mca
Skipping r.10.-3.mca
Skipping r.2.-1.mca
r.-1.-1.mca downloaded
Skipping r.1.-3.mca
Skipping r.6.-2.mca
Skipping r.11.-4.mca
Skipping r.10.-1.mca
Skipping r.10.3.mca
Skipping r.-1.-2.mca
Skipping r.3.-2.mca
Skipping r.4.0.mca
Skipping r.9.3.mca
Skipping r.10.-5.mca
Skipping r.14.-5.mca
Skipping r.9.-4.mca
Skipping r.9.-3.mca
Skipping r.9.-5.mca
Skipping r.4.-2.mca
Skipping r.10.-4.mca
Skipping r.1.-2.mca
Skipping r.9.1.mca
Skipping r.7.-2.mca
Skipping r.8.3.mca
Skipping r.10.0.mca
Skipping r.4.-3.mca
Skipping r.8.-4.mca
Skipping r.-3.0.mca
raids.dat downloaded
Skipping r.9.-1.mca
Skipping r.10.1.mca
Skipping r.4.-4.mca
Skipping r.12.-3.mca
Skipping r.-2.-2.mca
Skipping r.14.-4.mca
Skipping r.8.-1.mca
Skipping r.6.0.mca
Skipping r.7.0.mca
Skipping r.-3.-1.mca
Skipping r.0.-3.mca
Skipping r.0.1.mca
Skipping r.2.1.mca
Skipping r.7.-4.mca
Skipping r.10.2.mca
Skipping r.2.0.mca
Skipping r.4.1.mca
Skipping r.3.-3.mca
Skipping r.1.0.mca
Skipping r.5.-2.mca
Skipping r.3.1.mca
Skipping r.6.-1.mca
Skipping r.2.-3.mca
Skipping r.9.2.mca
Skipping r.7.-3.mca
Skipping r.3.0.mca
Skipping r.8.-5.mca
Skipping r.5.-3.mca
Skipping r.-1.1.mca
Skipping r.5.-1.mca
Skipping r.8.-3.mca
Skipping r.3.-1.mca
Skipping r.6.-4.mca
Skipping r.-2.-1.mca
Skipping r.1.-1.mca
Skipping r.-3.-2.mca
Skipping r.0.-1.mca
Skipping r.0.0.mca
Skipping r.6.1.mca
Skipping r.1.1.mca
Skipping r.11.-5.mca
Skipping r.12.-4.mca
Skipping r.13.-5.mca
Skipping r.9.0.mca
Skipping r.7.-5.mca
Skipping r.0.-2.mca
Skipping r.8.-2.mca
Skipping r.14.-3.mca
Skipping r.4.-1.mca
Skipping r.5.0.mca
Skipping r.8.0.mca
r.13.-4.mca downloaded
Skipping r.-2.0.mca
Skipping r.2.-2.mca
Skipping r.6.-3.mca
Skipping r.12.-5.mca
Skipping r.5.-4.mca
Skipping r.7.-1.mca
Skipping r.-1.0.mca
Skipping r.8.1.mca
Skipping r.11.-3.mca
Skipping r.8.2.mca
Skipping r.10.-3.mca
Skipping r.13.-3.mca
Skipping r.2.-1.mca
Skipping r.-1.-1.mca
Skipping r.1.-3.mca
Skipping r.5.1.mca
Skipping r.6.-2.mca
Skipping r.11.-4.mca
Skipping r.10.-1.mca
Skipping r.10.3.mca
Skipping r.9.-2.mca
Skipping r.-1.-2.mca
Skipping r.3.-2.mca
Skipping r.4.0.mca
Skipping r.9.3.mca
Skipping r.10.-5.mca
Skipping r.14.-5.mca
Skipping r.9.-4.mca
Skipping r.9.-3.mca
Skipping r.9.-5.mca
Skipping r.4.-2.mca
Skipping r.11.-1.mca
Skipping r.10.-4.mca
Skipping r.1.-2.mca
Skipping r.9.1.mca
Skipping r.11.0.mca
Skipping r.7.-2.mca
Skipping r.10.-2.mca
Skipping r.8.3.mca
Skipping r.10.0.mca
Skipping r.4.-3.mca
Skipping r.8.-4.mca
Skipping r.-2.1.mca
Skipping r.-3.0.mca
Skipping r.9.2.mca
Skipping r.-2.-1.mca
Skipping r.1.-1.mca
Skipping r.0.-1.mca
Skipping r.0.0.mca
Skipping r.13.-4.mca
Skipping r.-1.0.mca
Skipping r.1.-2.mca
Failed to download file: ./workdir/backup_2023-03-17_22-15-01/lostcities_nether/level.dat
Failed to download file: ./workdir/backup_2023-03-17_22-15-01/lostcities_nether/uid.dat
Failed to download file: ./workdir/backup_2023-03-17_22-15-01/banned-ips.json
Failed to download file: ./workdir/backup_2023-03-17_22-15-01/commands.yml
Failed to download file: ./workdir/backup_2023-03-17_22-15-01/banned-players.json
Failed to download file: ./workdir/backup_2023-03-17_22-15-01/help.yml
Failed to download file: ./workdir/backup_2023-03-17_22-15-01/ops.json
